eig_clapack.c: 関数 ‘eigenvalues’ 内:
eig_clapack.c:33:10: 警告: 関数 ‘dgeev_’ の暗黙的な宣言です [-Wimplicit-function-declaration]
   (void) dgeev_(
          ^~~~~~
/usr/local/lib/lapack/CLAPACK-3.2.1/libclapack_LINUX.a(dgeev.o): In function `dgeev_':
dgeev.c:(.text+0xa4f): undefined reference to `f2c_dnrm2'
dgeev.c:(.text+0xa7c): undefined reference to `f2c_dscal'
dgeev.c:(.text+0xe15): undefined reference to `f2c_dnrm2'
dgeev.c:(.text+0xe3c): undefined reference to `f2c_dnrm2'
dgeev.c:(.text+0xe87): undefined reference to `f2c_dscal'
dgeev.c:(.text+0xe9f): undefined reference to `f2c_dscal'
dgeev.c:(.text+0xf18): undefined reference to `f2c_idamax'
dgeev.c:(.text+0xf82): undefined reference to `f2c_drot'
dgeev.c:(.text+0x10c7): undefined reference to `f2c_dnrm2'
dgeev.c:(.text+0x10f4): undefined reference to `f2c_dscal'
dgeev.c:(.text+0x112d): undefined reference to `f2c_dnrm2'
dgeev.c:(.text+0x1154): undefined reference to `f2c_dnrm2'
dgeev.c:(.text+0x119f): undefined reference to `f2c_dscal'
dgeev.c:(.text+0x11b7): undefined reference to `f2c_dscal'
dgeev.c:(.text+0x1238): undefined reference to `f2c_idamax'
dgeev.c:(.text+0x12a2): undefined reference to `f2c_drot'
/usr/local/lib/lapack/CLAPACK-3.2.1/libclapack_LINUX.a(dgehrd.o): In function `dgehrd_':
dgehrd.c:(.text+0x490): undefined reference to `f2c_dgemm'
dgehrd.c:(.text+0x516): undefined reference to `f2c_dtrmm'
dgehrd.c:(.text+0x589): undefined reference to `f2c_daxpy'
/usr/local/lib/lapack/CLAPACK-3.2.1/libclapack_LINUX.a(dlahqr.o): In function `dlahqr_':
dlahqr.c:(.text+0xcd7): undefined reference to `f2c_dcopy'
dlahqr.c:(.text+0x2020): undefined reference to `f2c_drot'
dlahqr.c:(.text+0x21d3): undefined reference to `f2c_drot'
dlahqr.c:(.text+0x223b): undefined reference to `f2c_drot'
/usr/local/lib/lapack/CLAPACK-3.2.1/libclapack_LINUX.a(dlahr2.o): In function `dlahr2_':
dlahr2.c:(.text+0x16c): undefined reference to `f2c_dgemv'
dlahr2.c:(.text+0x1b6): undefined reference to `f2c_dcopy'
dlahr2.c:(.text+0x211): undefined reference to `f2c_dtrmv'
dlahr2.c:(.text+0x2a2): undefined reference to `f2c_dgemv'
dlahr2.c:(.text+0x2fb): undefined reference to `f2c_dtrmv'
dlahr2.c:(.text+0x388): undefined reference to `f2c_dgemv'
dlahr2.c:(.text+0x3e4): undefined reference to `f2c_dtrmv'
dlahr2.c:(.text+0x432): undefined reference to `f2c_daxpy'
dlahr2.c:(.text+0x573): undefined reference to `f2c_dgemv'
dlahr2.c:(.text+0x5fa): undefined reference to `f2c_dgemv'
dlahr2.c:(.text+0x67e): undefined reference to `f2c_dgemv'
dlahr2.c:(.text+0x6be): undefined reference to `f2c_dscal'
dlahr2.c:(.text+0x707): undefined reference to `f2c_dscal'
dlahr2.c:(.text+0x749): undefined reference to `f2c_dtrmv'
dlahr2.c:(.text+0x80a): undefined reference to `f2c_dtrmm'
dlahr2.c:(.text+0x865): undefined reference to `f2c_dtrmm'
dlahr2.c:(.text+0x8e9): undefined reference to `f2c_dgemm'
/usr/local/lib/lapack/CLAPACK-3.2.1/libclapack_LINUX.a(dlaqr3.o): In function `dlaqr3_':
dlaqr3.c:(.text+0x411): undefined reference to `f2c_dcopy'
dlaqr3.c:(.text+0x6d3): undefined reference to `f2c_dcopy'
dlaqr3.c:(.text+0x85b): undefined reference to `f2c_dgemm'
dlaqr3.c:(.text+0x9b5): undefined reference to `f2c_dgemm'
dlaqr3.c:(.text+0xb3e): undefined reference to `f2c_dgemm'
dlaqr3.c:(.text+0xe8d): undefined reference to `f2c_dcopy'
/usr/local/lib/lapack/CLAPACK-3.2.1/libclapack_LINUX.a(dlaqr5.o): In function `dlaqr5_':
dlaqr5.c:(.text+0x2b35): undefined reference to `f2c_dgemm'
dlaqr5.c:(.text+0x2c88): undefined reference to `f2c_dgemm'
dlaqr5.c:(.text+0x2dd7): undefined reference to `f2c_dgemm'
dlaqr5.c:(.text+0x2eb6): undefined reference to `f2c_dgemm'
dlaqr5.c:(.text+0x339a): undefined reference to `f2c_dgemm'
/usr/local/lib/lapack/CLAPACK-3.2.1/libclapack_LINUX.a(dlaqr5.o):dlaqr5.c:(.text+0x3498): more undefined references to `f2c_dgemm' follow
/usr/local/lib/lapack/CLAPACK-3.2.1/libclapack_LINUX.a(dlaqr5.o): In function `dlaqr5_':
dlaqr5.c:(.text+0x373f): undefined reference to `f2c_dtrmm'
dlaqr5.c:(.text+0x3799): undefined reference to `f2c_dgemm'
dlaqr5.c:(.text+0x384f): undefined reference to `f2c_dtrmm'
dlaqr5.c:(.text+0x3903): undefined reference to `f2c_dgemm'
dlaqr5.c:(.text+0x3b4f): undefined reference to `f2c_dtrmm'
dlaqr5.c:(.text+0x3ba8): undefined reference to `f2c_dgemm'
dlaqr5.c:(.text+0x3c7f): undefined reference to `f2c_dtrmm'
dlaqr5.c:(.text+0x3d43): undefined reference to `f2c_dgemm'
dlaqr5.c:(.text+0x3f87): undefined reference to `f2c_dtrmm'
dlaqr5.c:(.text+0x3fe0): undefined reference to `f2c_dgemm'
dlaqr5.c:(.text+0x40b7): undefined reference to `f2c_dtrmm'
dlaqr5.c:(.text+0x417b): undefined reference to `f2c_dgemm'
/usr/local/lib/lapack/CLAPACK-3.2.1/libclapack_LINUX.a(dlarf.o): In function `dlarf_':
dlarf.c:(.text+0x127): undefined reference to `f2c_dgemv'
dlarf.c:(.text+0x16b): undefined reference to `f2c_dger'
dlarf.c:(.text+0x1da): undefined reference to `f2c_dgemv'
dlarf.c:(.text+0x21e): undefined reference to `f2c_dger'
/usr/local/lib/lapack/CLAPACK-3.2.1/libclapack_LINUX.a(dlarfb.o): In function `dlarfb_':
dlarfb.c:(.text+0x217): undefined reference to `f2c_dcopy'
dlarfb.c:(.text+0x270): undefined reference to `f2c_dtrmm'
dlarfb.c:(.text+0x2cc): undefined reference to `f2c_dtrmm'
dlarfb.c:(.text+0x328): undefined reference to `f2c_dtrmm'
dlarfb.c:(.text+0x677): undefined reference to `f2c_dcopy'
dlarfb.c:(.text+0x6d1): undefined reference to `f2c_dtrmm'
dlarfb.c:(.text+0x730): undefined reference to `f2c_dtrmm'
dlarfb.c:(.text+0x78c): undefined reference to `f2c_dtrmm'
dlarfb.c:(.text+0x92f): undefined reference to `f2c_dcopy'
dlarfb.c:(.text+0x995): undefined reference to `f2c_dtrmm'
dlarfb.c:(.text+0x9f1): undefined reference to `f2c_dtrmm'
dlarfb.c:(.text+0xa5d): undefined reference to `f2c_dtrmm'
dlarfb.c:(.text+0xd72): undefined reference to `f2c_dcopy'
dlarfb.c:(.text+0xdd8): undefined reference to `f2c_dtrmm'
dlarfb.c:(.text+0xe37): undefined reference to `f2c_dtrmm'
dlarfb.c:(.text+0xea3): undefined reference to `f2c_dtrmm'
dlarfb.c:(.text+0x1027): undefined reference to `f2c_dcopy'
dlarfb.c:(.text+0x1081): undefined reference to `f2c_dtrmm'
dlarfb.c:(.text+0x10e0): undefined reference to `f2c_dtrmm'
dlarfb.c:(.text+0x113c): undefined reference to `f2c_dtrmm'
dlarfb.c:(.text+0x12c2): undefined reference to `f2c_dcopy'
dlarfb.c:(.text+0x1329): undefined reference to `f2c_dtrmm'
dlarfb.c:(.text+0x1388): undefined reference to `f2c_dtrmm'
dlarfb.c:(.text+0x13f5): undefined reference to `f2c_dtrmm'
dlarfb.c:(.text+0x158f): undefined reference to `f2c_dcopy'
dlarfb.c:(.text+0x15e8): undefined reference to `f2c_dtrmm'
dlarfb.c:(.text+0x167c): undefined reference to `f2c_dgemm'
dlarfb.c:(.text+0x16c4): undefined reference to `f2c_dtrmm'
dlarfb.c:(.text+0x1752): undefined reference to `f2c_dgemm'
dlarfb.c:(.text+0x179a): undefined reference to `f2c_dtrmm'
dlarfb.c:(.text+0x1aa2): undefined reference to `f2c_dcopy'
dlarfb.c:(.text+0x1b06): undefined reference to `f2c_dtrmm'
dlarfb.c:(.text+0x1b7b): undefined reference to `f2c_dgemm'
dlarfb.c:(.text+0x1bc3): undefined reference to `f2c_dtrmm'
dlarfb.c:(.text+0x1c36): undefined reference to `f2c_dgemm'
dlarfb.c:(.text+0x1c9a): undefined reference to `f2c_dtrmm'
dlarfb.c:(.text+0x1f9d): undefined reference to `f2c_dgemm'
dlarfb.c:(.text+0x2025): undefined reference to `f2c_dgemm'
dlarfb.c:(.text+0x2095): undefined reference to `f2c_dgemm'
dlarfb.c:(.text+0x2125): undefined reference to `f2c_dgemm'
dlarfb.c:(.text+0x21f9): undefined reference to `f2c_dgemm'
/usr/local/lib/lapack/CLAPACK-3.2.1/libclapack_LINUX.a(dlarfb.o):dlarfb.c:(.text+0x227c): more undefined references to `f2c_dgemm' follow
/usr/local/lib/lapack/CLAPACK-3.2.1/libclapack_LINUX.a(dlarfg.o): In function `dlarfg_':
dlarfg.c:(.text+0x3b): undefined reference to `f2c_dnrm2'
dlarfg.c:(.text+0x14a): undefined reference to `f2c_dscal'
dlarfg.c:(.text+0x19e): undefined reference to `f2c_dnrm2'
dlarfg.c:(.text+0x223): undefined reference to `f2c_dscal'
dlarfg.c:(.text+0x2c8): undefined reference to `f2c_dscal'
/usr/local/lib/lapack/CLAPACK-3.2.1/libclapack_LINUX.a(dtrevc.o): In function `dtrevc_':
dtrevc.c:(.text+0xaee): undefined reference to `f2c_daxpy'
dtrevc.c:(.text+0xceb): undefined reference to `f2c_daxpy'
dtrevc.c:(.text+0xd36): undefined reference to `f2c_daxpy'
dtrevc.c:(.text+0xde4): undefined reference to `f2c_dgemv'
dtrevc.c:(.text+0xe12): undefined reference to `f2c_idamax'
dtrevc.c:(.text+0xe7f): undefined reference to `f2c_dscal'
dtrevc.c:(.text+0x1221): undefined reference to `f2c_ddot'
dtrevc.c:(.text+0x1416): undefined reference to `f2c_ddot'
dtrevc.c:(.text+0x1486): undefined reference to `f2c_ddot'
dtrevc.c:(.text+0x1618): undefined reference to `f2c_idamax'
dtrevc.c:(.text+0x1685): undefined reference to `f2c_dscal'
dtrevc.c:(.text+0x19bc): undefined reference to `f2c_ddot'
dtrevc.c:(.text+0x1a1f): undefined reference to `f2c_ddot'
dtrevc.c:(.text+0x1c7c): undefined reference to `f2c_ddot'
dtrevc.c:(.text+0x1cdf): undefined reference to `f2c_ddot'
dtrevc.c:(.text+0x1d4d): undefined reference to `f2c_ddot'
/usr/local/lib/lapack/CLAPACK-3.2.1/libclapack_LINUX.a(dtrevc.o):dtrevc.c:(.text+0x1db1): more undefined references to `f2c_ddot' follow
/usr/local/lib/lapack/CLAPACK-3.2.1/libclapack_LINUX.a(dtrevc.o): In function `dtrevc_':
dtrevc.c:(.text+0x2004): undefined reference to `f2c_dgemv'
dtrevc.c:(.text+0x207f): undefined reference to `f2c_dgemv'
dtrevc.c:(.text+0x2153): undefined reference to `f2c_dscal'
dtrevc.c:(.text+0x217f): undefined reference to `f2c_dscal'
dtrevc.c:(.text+0x287d): undefined reference to `f2c_daxpy'
dtrevc.c:(.text+0x28c6): undefined reference to `f2c_daxpy'
dtrevc.c:(.text+0x2b40): undefined reference to `f2c_daxpy'
dtrevc.c:(.text+0x2b89): undefined reference to `f2c_daxpy'
dtrevc.c:(.text+0x2bdd): undefined reference to `f2c_daxpy'
/usr/local/lib/lapack/CLAPACK-3.2.1/libclapack_LINUX.a(dtrevc.o):dtrevc.c:(.text+0x2c21): more undefined references to `f2c_daxpy' follow
/usr/local/lib/lapack/CLAPACK-3.2.1/libclapack_LINUX.a(dtrevc.o): In function `dtrevc_':
dtrevc.c:(.text+0x2cd1): undefined reference to `f2c_dgemv'
dtrevc.c:(.text+0x2d38): undefined reference to `f2c_dgemv'
dtrevc.c:(.text+0x2e0b): undefined reference to `f2c_dscal'
dtrevc.c:(.text+0x2e33): undefined reference to `f2c_dscal'
dtrevc.c:(.text+0x2ef0): undefined reference to `f2c_dscal'
dtrevc.c:(.text+0x2f69): undefined reference to `f2c_dscal'
dtrevc.c:(.text+0x2fec): undefined reference to `f2c_dscal'
/usr/local/lib/lapack/CLAPACK-3.2.1/libclapack_LINUX.a(dtrevc.o):dtrevc.c:(.text+0x3024): more undefined references to `f2c_dscal' follow
/usr/local/lib/lapack/CLAPACK-3.2.1/libclapack_LINUX.a(dtrevc.o): In function `dtrevc_':
dtrevc.c:(.text+0x3296): undefined reference to `f2c_dcopy'
dtrevc.c:(.text+0x32e2): undefined reference to `f2c_dcopy'
dtrevc.c:(.text+0x33bf): undefined reference to `f2c_dscal'
dtrevc.c:(.text+0x3400): undefined reference to `f2c_dscal'
dtrevc.c:(.text+0x35ac): undefined reference to `f2c_dscal'
dtrevc.c:(.text+0x35e6): undefined reference to `f2c_dscal'
dtrevc.c:(.text+0x3650): undefined reference to `f2c_dscal'
/usr/local/lib/lapack/CLAPACK-3.2.1/libclapack_LINUX.a(dtrevc.o):dtrevc.c:(.text+0x368a): more undefined references to `f2c_dscal' follow
/usr/local/lib/lapack/CLAPACK-3.2.1/libclapack_LINUX.a(dtrevc.o): In function `dtrevc_':
dtrevc.c:(.text+0x3806): undefined reference to `f2c_dcopy'
dtrevc.c:(.text+0x3837): undefined reference to `f2c_dcopy'
dtrevc.c:(.text+0x38fe): undefined reference to `f2c_dscal'
dtrevc.c:(.text+0x3916): undefined reference to `f2c_dscal'
dtrevc.c:(.text+0x3ab3): undefined reference to `f2c_dscal'
dtrevc.c:(.text+0x3ad5): undefined reference to `f2c_dscal'
dtrevc.c:(.text+0x3b02): undefined reference to `f2c_dscal'
dtrevc.c:(.text+0x3ba6): undefined reference to `f2c_dgemv'
dtrevc.c:(.text+0x3c5b): undefined reference to `f2c_dcopy'
dtrevc.c:(.text+0x3c89): undefined reference to `f2c_idamax'
dtrevc.c:(.text+0x3d07): undefined reference to `f2c_dscal'
dtrevc.c:(.text+0x3da0): undefined reference to `f2c_dcopy'
dtrevc.c:(.text+0x3db0): undefined reference to `f2c_idamax'
dtrevc.c:(.text+0x3e04): undefined reference to `f2c_dscal'
/usr/local/lib/lapack/CLAPACK-3.2.1/libclapack_LINUX.a(dgebak.o): In function `dgebak_':
dgebak.c:(.text+0x31f): undefined reference to `f2c_dscal'
dgebak.c:(.text+0x3d7): undefined reference to `f2c_dscal'
dgebak.c:(.text+0x486): undefined reference to `f2c_dswap'
dgebak.c:(.text+0x530): undefined reference to `f2c_dswap'
/usr/local/lib/lapack/CLAPACK-3.2.1/libclapack_LINUX.a(dgebal.o): In function `dgebal_':
dgebal.c:(.text+0x553): undefined reference to `f2c_dswap'
dgebal.c:(.text+0x590): undefined reference to `f2c_dswap'
dgebal.c:(.text+0x7c6): undefined reference to `f2c_idamax'
dgebal.c:(.text+0x841): undefined reference to `f2c_idamax'
dgebal.c:(.text+0xb6c): undefined reference to `f2c_dscal'
dgebal.c:(.text+0xb8b): undefined reference to `f2c_dscal'
/usr/local/lib/lapack/CLAPACK-3.2.1/libclapack_LINUX.a(dlaexc.o): In function `dlaexc_':
dlaexc.c:(.text+0x199): undefined reference to `f2c_drot'
dlaexc.c:(.text+0x210): undefined reference to `f2c_drot'
dlaexc.c:(.text+0x9aa): undefined reference to `f2c_drot'
dlaexc.c:(.text+0xfc3): undefined reference to `f2c_drot'
dlaexc.c:(.text+0x1008): undefined reference to `f2c_drot'
/usr/local/lib/lapack/CLAPACK-3.2.1/libclapack_LINUX.a(dlaexc.o):dlaexc.c:(.text+0x105d): more undefined references to `f2c_drot' follow
/usr/local/lib/lapack/CLAPACK-3.2.1/libclapack_LINUX.a(dlaqr2.o): In function `dlaqr2_':
dlaqr2.c:(.text+0x41a): undefined reference to `f2c_dcopy'
dlaqr2.c:(.text+0x706): undefined reference to `f2c_dcopy'
dlaqr2.c:(.text+0x893): undefined reference to `f2c_dgemm'
dlaqr2.c:(.text+0x9d5): undefined reference to `f2c_dgemm'
dlaqr2.c:(.text+0xb4e): undefined reference to `f2c_dgemm'
dlaqr2.c:(.text+0xe3b): undefined reference to `f2c_dcopy'
/usr/local/lib/lapack/CLAPACK-3.2.1/libclapack_LINUX.a(dlarft.o): In function `dlarft_':
dlarft.c:(.text+0x423): undefined reference to `f2c_dgemv'
dlarft.c:(.text+0x478): undefined reference to `f2c_dtrmv'
dlarft.c:(.text+0x5b0): undefined reference to `f2c_dgemv'
dlarft.c:(.text+0x72a): undefined reference to `f2c_dgemv'
dlarft.c:(.text+0x7b2): undefined reference to `f2c_dtrmv'
dlarft.c:(.text+0x94a): undefined reference to `f2c_dgemv'
/usr/local/lib/lapack/CLAPACK-3.2.1/libclapack_LINUX.a(dlasy2.o): In function `dlasy2_':
dlasy2.c:(.text+0x37d): undefined reference to `f2c_idamax'
dlasy2.c:(.text+0x8b8): undefined reference to `f2c_dcopy'
dlasy2.c:(.text+0xc56): undefined reference to `f2c_dswap'
dlasy2.c:(.text+0xcc8): undefined reference to `f2c_dswap'
/usr/local/lib/lapack/CLAPACK-3.2.1/libclapack_LINUX.a(dorg2r.o): In function `dorg2r_':
dorg2r.c:(.text+0x325): undefined reference to `f2c_dscal'
/usr/lib64/libgsl.so: undefined reference to `cblas_ctrmv'
/usr/lib64/libgsl.so: undefined reference to `cblas_zswap'
/usr/lib64/libgsl.so: undefined reference to `cblas_zsymm'
/usr/lib64/libgsl.so: undefined reference to `cblas_cgeru'
/usr/lib64/libgsl.so: undefined reference to `cblas_sgemm'
/usr/lib64/libgsl.so: undefined reference to `cblas_ctrsv'
/usr/lib64/libgsl.so: undefined reference to `cblas_sgemv'
/usr/lib64/libgsl.so: undefined reference to `cblas_srotg'
/usr/lib64/libgsl.so: undefined reference to `cblas_zgemm'
/usr/lib64/libgsl.so: undefined reference to `cblas_cdotu_sub'
/usr/lib64/libgsl.so: undefined reference to `cblas_dznrm2'
/usr/lib64/libgsl.so: undefined reference to `cblas_ddot'
/usr/lib64/libgsl.so: undefined reference to `cblas_csymm'
/usr/lib64/libgsl.so: undefined reference to `cblas_cher2k'
/usr/lib64/libgsl.so: undefined reference to `cblas_zdotu_sub'
/usr/lib64/libgsl.so: undefined reference to `cblas_sdot'
/usr/lib64/libgsl.so: undefined reference to `cblas_sdsdot'
/usr/lib64/libgsl.so: undefined reference to `cblas_cgerc'
/usr/lib64/libgsl.so: undefined reference to `cblas_scnrm2'
/usr/lib64/libgsl.so: undefined reference to `cblas_ctrmm'
/usr/lib64/libgsl.so: undefined reference to `cblas_sscal'
/usr/lib64/libgsl.so: undefined reference to `cblas_strmm'
/usr/lib64/libgsl.so: undefined reference to `cblas_zcopy'
/usr/lib64/libgsl.so: undefined reference to `cblas_dsyrk'
/usr/lib64/libgsl.so: undefined reference to `cblas_cherk'
/usr/lib64/libgsl.so: undefined reference to `cblas_zherk'
/usr/lib64/libgsl.so: undefined reference to `cblas_zher'
/usr/lib64/libgsl.so: undefined reference to `cblas_ztrmv'
/usr/lib64/libgsl.so: undefined reference to `cblas_drotmg'
/usr/lib64/libgsl.so: undefined reference to `cblas_dswap'
/usr/lib64/libgsl.so: undefined reference to `cblas_scopy'
/usr/lib64/libgsl.so: undefined reference to `cblas_scasum'
/usr/lib64/libgsl.so: undefined reference to `cblas_zscal'
/usr/lib64/libgsl.so: undefined reference to `cblas_drotg'
/usr/lib64/libgsl.so: undefined reference to `cblas_zdotc_sub'
/usr/lib64/libgsl.so: undefined reference to `cblas_cscal'
/usr/lib64/libgsl.so: undefined reference to `cblas_caxpy'
/usr/lib64/libgsl.so: undefined reference to `cblas_zsyr2k'
/usr/lib64/libgsl.so: undefined reference to `cblas_ssyr2k'
/usr/lib64/libgsl.so: undefined reference to `cblas_csyr2k'
/usr/lib64/libgsl.so: undefined reference to `cblas_ztrsm'
/usr/lib64/libgsl.so: undefined reference to `cblas_ctrsm'
/usr/lib64/libgsl.so: undefined reference to `cblas_ssymm'
/usr/lib64/libgsl.so: undefined reference to `cblas_cdotc_sub'
/usr/lib64/libgsl.so: undefined reference to `cblas_zher2k'
/usr/lib64/libgsl.so: undefined reference to `cblas_saxpy'
/usr/lib64/libgsl.so: undefined reference to `cblas_idamax'
/usr/lib64/libgsl.so: undefined reference to `cblas_snrm2'
/usr/lib64/libgsl.so: undefined reference to `cblas_dsdot'
/usr/lib64/libgsl.so: undefined reference to `cblas_cher'
/usr/lib64/libgsl.so: undefined reference to `cblas_dger'
/usr/lib64/libgsl.so: undefined reference to `cblas_cher2'
/usr/lib64/libgsl.so: undefined reference to `cblas_dzasum'
/usr/lib64/libgsl.so: undefined reference to `cblas_dsyr2'
/usr/lib64/libgsl.so: undefined reference to `cblas_ssyrk'
/usr/lib64/libgsl.so: undefined reference to `cblas_strmv'
/usr/lib64/libgsl.so: undefined reference to `cblas_dgemv'
/usr/lib64/libgsl.so: undefined reference to `cblas_cgemm'
/usr/lib64/libgsl.so: undefined reference to `cblas_dasum'
/usr/lib64/libgsl.so: undefined reference to `cblas_dsymv'
/usr/lib64/libgsl.so: undefined reference to `cblas_srotm'
/usr/lib64/libgsl.so: undefined reference to `cblas_sswap'
/usr/lib64/libgsl.so: undefined reference to `cblas_dtrmv'
/usr/lib64/libgsl.so: undefined reference to `cblas_isamax'
/usr/lib64/libgsl.so: undefined reference to `cblas_zhemv'
/usr/lib64/libgsl.so: undefined reference to `cblas_zaxpy'
/usr/lib64/libgsl.so: undefined reference to `cblas_dcopy'
/usr/lib64/libgsl.so: undefined reference to `cblas_sasum'
/usr/lib64/libgsl.so: undefined reference to `cblas_dsyr'
/usr/lib64/libgsl.so: undefined reference to `cblas_strsm'
/usr/lib64/libgsl.so: undefined reference to `cblas_drot'
/usr/lib64/libgsl.so: undefined reference to `cblas_ztrsv'
/usr/lib64/libgsl.so: undefined reference to `cblas_izamax'
/usr/lib64/libgsl.so: undefined reference to `cblas_ssymv'
/usr/lib64/libgsl.so: undefined reference to `cblas_chemm'
/usr/lib64/libgsl.so: undefined reference to `cblas_zgeru'
/usr/lib64/libgsl.so: undefined reference to `cblas_dtrsv'
/usr/lib64/libgsl.so: undefined reference to `cblas_sger'
/usr/lib64/libgsl.so: undefined reference to `cblas_srot'
/usr/lib64/libgsl.so: undefined reference to `cblas_dsymm'
/usr/lib64/libgsl.so: undefined reference to `cblas_ztrmm'
/usr/lib64/libgsl.so: undefined reference to `cblas_zdscal'
/usr/lib64/libgsl.so: undefined reference to `cblas_zher2'
/usr/lib64/libgsl.so: undefined reference to `cblas_ssyr'
/usr/lib64/libgsl.so: undefined reference to `cblas_dtrmm'
/usr/lib64/libgsl.so: undefined reference to `cblas_zgerc'
/usr/lib64/libgsl.so: undefined reference to `cblas_csscal'
/usr/lib64/libgsl.so: undefined reference to `cblas_dsyr2k'
/usr/lib64/libgsl.so: undefined reference to `cblas_chemv'
/usr/lib64/libgsl.so: undefined reference to `cblas_dnrm2'
/usr/lib64/libgsl.so: undefined reference to `cblas_drotm'
/usr/lib64/libgsl.so: undefined reference to `cblas_icamax'
/usr/lib64/libgsl.so: undefined reference to `cblas_zgemv'
/usr/lib64/libgsl.so: undefined reference to `cblas_zhemm'
/usr/lib64/libgsl.so: undefined reference to `cblas_cgemv'
/usr/lib64/libgsl.so: undefined reference to `cblas_ssyr2'
/usr/lib64/libf2c.so: undefined reference to `MAIN__'
/usr/lib64/libgsl.so: undefined reference to `cblas_strsv'
/usr/lib64/libgsl.so: undefined reference to `cblas_dscal'
/usr/lib64/libgsl.so: undefined reference to `cblas_dgemm'
/usr/lib64/libgsl.so: undefined reference to `cblas_srotmg'
/usr/lib64/libgsl.so: undefined reference to `cblas_dtrsm'
/usr/lib64/libgsl.so: undefined reference to `cblas_ccopy'
/usr/lib64/libgsl.so: undefined reference to `cblas_zsyrk'
/usr/lib64/libgsl.so: undefined reference to `cblas_cswap'
/usr/lib64/libgsl.so: undefined reference to `cblas_daxpy'
/usr/lib64/libgsl.so: undefined reference to `cblas_csyrk'
collect2: エラー: ld はステータス 1 で終了しました
