eig_clapack.c: 関数 ‘eigenvalues’ 内:
eig_clapack.c:33:10: 警告: 関数 ‘dgeev_’ の暗黙的な宣言です [-Wimplicit-function-declaration]
   (void) dgeev_(
          ^~~~~~
/usr/lib64/libgsl.so: undefined reference to `cblas_ctrmv'
/usr/lib64/libgsl.so: undefined reference to `cblas_zswap'
/usr/lib64/libgsl.so: undefined reference to `cblas_zsymm'
/usr/lib64/libgsl.so: undefined reference to `cblas_cgeru'
/usr/lib64/libgsl.so: undefined reference to `cblas_sgemm'
/usr/lib64/libgsl.so: undefined reference to `cblas_ctrsv'
/usr/lib64/libgsl.so: undefined reference to `cblas_sgemv'
/usr/lib64/libgsl.so: undefined reference to `cblas_srotg'
/usr/lib64/libgsl.so: undefined reference to `cblas_zgemm'
/usr/lib64/libgsl.so: undefined reference to `cblas_cdotu_sub'
/usr/lib64/libgsl.so: undefined reference to `cblas_dznrm2'
/usr/lib64/libgsl.so: undefined reference to `cblas_ddot'
/usr/lib64/libgsl.so: undefined reference to `cblas_csymm'
/usr/lib64/libgsl.so: undefined reference to `cblas_cher2k'
/usr/lib64/libgsl.so: undefined reference to `cblas_zdotu_sub'
/usr/lib64/libgsl.so: undefined reference to `cblas_sdot'
/usr/lib64/libgsl.so: undefined reference to `cblas_sdsdot'
/usr/lib64/libgsl.so: undefined reference to `cblas_cgerc'
/usr/lib64/libgsl.so: undefined reference to `cblas_scnrm2'
/usr/lib64/libgsl.so: undefined reference to `cblas_ctrmm'
/usr/lib64/libgsl.so: undefined reference to `cblas_sscal'
/usr/lib64/libgsl.so: undefined reference to `cblas_strmm'
/usr/lib64/libgsl.so: undefined reference to `cblas_zcopy'
/usr/lib64/libgsl.so: undefined reference to `cblas_dsyrk'
/usr/lib64/libgsl.so: undefined reference to `cblas_cherk'
/usr/lib64/libgsl.so: undefined reference to `cblas_zherk'
/usr/lib64/libgsl.so: undefined reference to `cblas_zher'
/usr/lib64/libgsl.so: undefined reference to `cblas_ztrmv'
/usr/lib64/libgsl.so: undefined reference to `cblas_drotmg'
/usr/lib64/libgsl.so: undefined reference to `cblas_dswap'
/usr/lib64/libgsl.so: undefined reference to `cblas_scopy'
/usr/lib64/libgsl.so: undefined reference to `cblas_scasum'
/usr/lib64/libgsl.so: undefined reference to `cblas_zscal'
/usr/lib64/libgsl.so: undefined reference to `cblas_drotg'
/usr/lib64/libgsl.so: undefined reference to `cblas_zdotc_sub'
/usr/lib64/libgsl.so: undefined reference to `cblas_cscal'
/usr/lib64/libgsl.so: undefined reference to `cblas_caxpy'
/usr/lib64/libgsl.so: undefined reference to `cblas_zsyr2k'
/usr/lib64/libgsl.so: undefined reference to `cblas_ssyr2k'
/usr/lib64/libgsl.so: undefined reference to `cblas_csyr2k'
/usr/lib64/libgsl.so: undefined reference to `cblas_ztrsm'
/usr/lib64/libgsl.so: undefined reference to `cblas_ctrsm'
/usr/lib64/libgsl.so: undefined reference to `cblas_ssymm'
/usr/lib64/libgsl.so: undefined reference to `cblas_cdotc_sub'
/usr/lib64/libgsl.so: undefined reference to `cblas_zher2k'
/usr/lib64/libgsl.so: undefined reference to `cblas_saxpy'
/usr/lib64/libgsl.so: undefined reference to `cblas_idamax'
/usr/lib64/libgsl.so: undefined reference to `cblas_snrm2'
/usr/lib64/libgsl.so: undefined reference to `cblas_dsdot'
/usr/lib64/libgsl.so: undefined reference to `cblas_cher'
/usr/lib64/libgsl.so: undefined reference to `cblas_dger'
/usr/lib64/libgsl.so: undefined reference to `cblas_cher2'
/usr/lib64/libgsl.so: undefined reference to `cblas_dzasum'
/usr/lib64/libgsl.so: undefined reference to `cblas_dsyr2'
/usr/lib64/libgsl.so: undefined reference to `cblas_ssyrk'
/usr/lib64/libgsl.so: undefined reference to `cblas_strmv'
/usr/lib64/libgsl.so: undefined reference to `cblas_dgemv'
/usr/lib64/libgsl.so: undefined reference to `cblas_cgemm'
/usr/lib64/libgsl.so: undefined reference to `cblas_dasum'
/usr/lib64/libgsl.so: undefined reference to `cblas_dsymv'
/usr/lib64/libgsl.so: undefined reference to `cblas_srotm'
/usr/lib64/libgsl.so: undefined reference to `cblas_sswap'
/usr/lib64/libgsl.so: undefined reference to `cblas_dtrmv'
/usr/lib64/libgsl.so: undefined reference to `cblas_isamax'
/usr/lib64/libgsl.so: undefined reference to `cblas_zhemv'
/usr/lib64/libgsl.so: undefined reference to `cblas_zaxpy'
/usr/lib64/libgsl.so: undefined reference to `cblas_dcopy'
/usr/lib64/libgsl.so: undefined reference to `cblas_sasum'
/usr/lib64/libgsl.so: undefined reference to `cblas_dsyr'
/usr/lib64/libgsl.so: undefined reference to `cblas_strsm'
/usr/lib64/libgsl.so: undefined reference to `cblas_drot'
/usr/lib64/libgsl.so: undefined reference to `cblas_ztrsv'
/usr/lib64/libgsl.so: undefined reference to `cblas_izamax'
/usr/lib64/libgsl.so: undefined reference to `cblas_ssymv'
/usr/lib64/libgsl.so: undefined reference to `cblas_chemm'
/usr/lib64/libgsl.so: undefined reference to `cblas_zgeru'
/usr/lib64/libgsl.so: undefined reference to `cblas_dtrsv'
/usr/lib64/libgsl.so: undefined reference to `cblas_sger'
/usr/lib64/libgsl.so: undefined reference to `cblas_srot'
/usr/lib64/libgsl.so: undefined reference to `cblas_dsymm'
/usr/lib64/libgsl.so: undefined reference to `cblas_ztrmm'
/usr/lib64/libgsl.so: undefined reference to `cblas_zdscal'
/usr/lib64/libgsl.so: undefined reference to `cblas_zher2'
/usr/lib64/libgsl.so: undefined reference to `cblas_ssyr'
/usr/lib64/libgsl.so: undefined reference to `cblas_dtrmm'
/usr/lib64/libgsl.so: undefined reference to `cblas_zgerc'
/usr/lib64/libgsl.so: undefined reference to `cblas_csscal'
/usr/lib64/libgsl.so: undefined reference to `cblas_dsyr2k'
/usr/lib64/libgsl.so: undefined reference to `cblas_chemv'
/usr/lib64/libgsl.so: undefined reference to `cblas_dnrm2'
/usr/lib64/libgsl.so: undefined reference to `cblas_drotm'
/usr/lib64/libgsl.so: undefined reference to `cblas_icamax'
/usr/lib64/libgsl.so: undefined reference to `cblas_zgemv'
/usr/lib64/libgsl.so: undefined reference to `cblas_zhemm'
/usr/lib64/libgsl.so: undefined reference to `cblas_cgemv'
/usr/lib64/libgsl.so: undefined reference to `cblas_ssyr2'
/usr/lib64/libgsl.so: undefined reference to `cblas_strsv'
/usr/lib64/libgsl.so: undefined reference to `cblas_dscal'
/usr/lib64/libgsl.so: undefined reference to `cblas_dgemm'
/usr/lib64/libgsl.so: undefined reference to `cblas_srotmg'
/usr/lib64/libgsl.so: undefined reference to `cblas_dtrsm'
/usr/lib64/libgsl.so: undefined reference to `cblas_ccopy'
/usr/lib64/libgsl.so: undefined reference to `cblas_zsyrk'
/usr/lib64/libgsl.so: undefined reference to `cblas_cswap'
/usr/lib64/libgsl.so: undefined reference to `cblas_daxpy'
/usr/lib64/libgsl.so: undefined reference to `cblas_csyrk'
collect2: エラー: ld はステータス 1 で終了しました
